[2019-11-27 16:03:54,442]-ERROR: test_01__ page_view埋点异常 line44
[2019-11-27 16:05:52,515]-ERROR: test_01__ on_app_session_over埋点异常 line44
[2019-11-27 16:18:37,813]-ERROR: test_01__ on_app_session_over埋点异常 line44
[2019-11-27 16:22:16,701]-ERROR: test_01__ home_open埋点异常 line39
[2019-11-27 16:22:16,958]-ERROR: test_01__ device_opened埋点异常 line57
[2019-11-27 16:22:16,961]-ERROR: test_01__ app_serial_id不存在！ line78
[2019-11-27 16:22:17,118]-ERROR: test_01__ is_open_push埋点异常 line89
[2019-11-27 16:22:17,220]-ERROR: test_01__ urban_geographical_location埋点异常 line104
[2019-11-27 16:28:07,607]-ERROR: test_01__ page_view埋点异常 line47
[2019-11-27 17:02:56,768]-ERROR: test_01__ on_app_session_over埋点异常 line44
[2019-11-27 17:04:46,051]-ERROR: test_01__ on_app_session_over埋点异常 line44
[2019-11-27 17:06:03,002]-ERROR: test_01__ on_app_session_over埋点异常 line44
[2019-11-27 17:13:39,992]-ERROR: test_01__ on_app_session_over埋点异常 line44
[2019-11-27 17:15:30,442]-ERROR: test_01__ on_app_session_over埋点异常 line44
[2019-11-27 17:16:45,643]-ERROR: test_01__ on_app_session_over埋点异常 line44
[2019-11-27 20:05:57,494]-INFO: test_01__ on_app_session_over埋点正常 line46
[2019-11-27 20:07:17,456]-INFO: test_01__ home_open埋点正常 line41
[2019-11-27 20:07:17,735]-INFO: test_01__ device_opened埋点正常 line59
[2019-11-27 20:07:18,048]-INFO: test_01__ is_open_push埋点正常 line91
[2019-11-27 20:07:18,142]-INFO: test_01__ urban_geographical_location埋点正常 line106
[2019-11-27 20:09:04,598]-INFO: test_01__ on_app_session_over埋点正常 line46
[2019-11-27 20:10:14,453]-INFO: test_01__ on_app_session_over埋点正常 line46
