[2019-12-09 10:42:57,887]-ERROR: test_01__ 搜索search_result_open埋点异常 line47
[2019-12-09 10:42:57,921]-INFO: test_01__ 搜索do_search埋点正常 line59
[2019-12-09 10:45:40,365]-INFO: test_01__ 搜索search_result_open埋点正常 line49
[2019-12-09 10:45:40,423]-INFO: test_01__ 搜索do_search埋点正常 line59
[2019-12-09 10:49:26,829]-INFO: test_01__ 搜索search_result_open埋点正常 line49
[2019-12-09 10:49:26,885]-INFO: test_01__ 搜索do_search埋点正常 line59
[2019-12-09 10:50:07,370]-INFO: test_01__ 搜索search_result_open埋点正常 line50
[2019-12-09 10:50:07,407]-INFO: test_01__ 搜索do_search埋点正常 line60
[2019-12-09 10:52:28,635]-INFO: test_01__ 搜索search_result_open埋点正常 line50
[2019-12-09 10:52:28,686]-INFO: test_01__ 搜索do_search埋点正常 line60
[2019-12-09 10:58:12,865]-INFO: test_01__ 搜索search_result_open埋点正常 line50
[2019-12-09 10:58:12,923]-INFO: test_01__ 搜索do_search埋点正常 line60
[2019-12-09 11:54:16,045]-INFO: test_01__ on_click_navbar_search埋点正常 line42
[2019-12-09 11:55:22,699]-ERROR: test_01__ welfare_home_click_section埋点异常 line41
[2019-12-09 11:55:22,730]-ERROR: test_01__ 美购品类聚合page_view埋点异常 line58
[2019-12-09 11:56:06,469]-ERROR: test_01__ 搜索search_result_open埋点异常 line48
[2019-12-09 11:56:06,529]-ERROR: test_01__ 搜索do_search埋点异常 line58
[2019-12-09 11:56:45,684]-ERROR: testbuild__ 搜索search_result_open埋点异常 line47
[2019-12-09 11:56:45,706]-ERROR: testbuild__ 搜索do_search埋点异常 line57
[2019-12-09 11:57:24,606]-ERROR: test_01__ 搜索search_result_open埋点异常 line46
[2019-12-09 11:57:24,628]-ERROR: test_01__ 搜索do_search埋点异常 line56
[2019-12-09 11:58:02,513]-ERROR: test_01__ 搜索search_result_open埋点异常 line48
[2019-12-09 11:58:02,661]-ERROR: test_01__ 搜索do_search埋点异常 line58
[2019-12-09 11:58:41,842]-ERROR: test_01__ 搜索search_result_open埋点异常 line48
[2019-12-09 11:58:41,868]-ERROR: test_01__ 搜索do_search埋点异常 line58
[2019-12-09 14:06:23,580]-INFO: test_01__ page_view埋点正常 line46
[2019-12-09 14:11:36,751]-ERROR: test_01__ home_open埋点异常 line38
[2019-12-09 14:11:37,456]-INFO: test_01__ device_opened埋点正常 line58
[2019-12-09 14:11:37,606]-ERROR: test_01__ is_open_push埋点异常 line86
[2019-12-09 14:11:37,628]-ERROR: test_01__ urban_geographical_location埋点异常 line101
